[1.626s] Invoking command in '/home/ubuntu/ros2-rover/src/tractor_bringup': PYTHONPATH=/home/ubuntu/ros2-rover/build/tractor_bringup/prefix_override:/usr/lib/python3/dist-packages/colcon_core/task/python/colcon_distutils_commands:/home/ubuntu/ros2-rover/install/tractor_bringup/lib/python3.12/site-packages:${PYTHONPATH} /usr/bin/python3 -W ignore:setup.py install is deprecated -W ignore:easy_install command is deprecated setup.py egg_info --egg-base ../../build/tractor_bringup build --build-base /home/ubuntu/ros2-rover/build/tractor_bringup/build install --record /home/ubuntu/ros2-rover/build/tractor_bringup/install.log --single-version-externally-managed install_data
[2.012s] Traceback (most recent call last):
[2.012s]   File "/usr/lib/python3.12/importlib/metadata/__init__.py", line 819, in read_text
[2.013s]     return self._path.joinpath(filename).read_text(encoding='utf-8')
[2.013s]            ^^^^^^^^^^^^^^^^^^^^^^^^^^^^^^^^^^^^^^^^^^^^^^^^^^^^^^^^^
[2.013s]   File "/usr/lib/python3.12/pathlib.py", line 1029, in read_text
[2.014s]     with self.open(mode='r', encoding=encoding, errors=errors) as f:
[2.014s]          ^^^^^^^^^^^^^^^^^^^^^^^^^^^^^^^^^^^^^^^^^^^^^^^^^^^^^
[2.014s]   File "/usr/lib/python3.12/pathlib.py", line 1015, in open
[2.014s]     return io.open(self, mode, buffering, encoding, errors, newline)
[2.014s]            ^^^^^^^^^^^^^^^^^^^^^^^^^^^^^^^^^^^^^^^^^^^^^^^^^^^^^^^^^
[2.014s] FileNotFoundError: [Errno 2] No such file or directory: '/usr/lib/python3/dist-packages/mpi4py-3.1.5.egg-info/entry_points.txt'
[2.014s] 
[2.015s] During handling of the above exception, another exception occurred:
[2.015s] 
[2.015s] Traceback (most recent call last):
[2.015s]   File "/home/ubuntu/ros2-rover/src/tractor_bringup/setup.py", line 7, in <module>
[2.015s]     setup(
[2.015s]   File "/usr/lib/python3/dist-packages/setuptools/__init__.py", line 107, in setup
[2.015s]     return distutils.core.setup(**attrs)
[2.015s]            ^^^^^^^^^^^^^^^^^^^^^^^^^^^^^
[2.016s]   File "/usr/lib/python3/dist-packages/setuptools/_distutils/core.py", line 172, in setup
[2.016s]     ok = dist.parse_command_line()
[2.016s]          ^^^^^^^^^^^^^^^^^^^^^^^^^
[2.016s]   File "/usr/lib/python3/dist-packages/setuptools/_distutils/dist.py", line 475, in parse_command_line
[2.016s]     args = self._parse_command_opts(parser, args)
[2.016s]            ^^^^^^^^^^^^^^^^^^^^^^^^^^^^^^^^^^^^^^
[2.016s]   File "/usr/lib/python3/dist-packages/setuptools/dist.py", line 1133, in _parse_command_opts
[2.016s]     nargs = _Distribution._parse_command_opts(self, parser, args)
[2.017s]             ^^^^^^^^^^^^^^^^^^^^^^^^^^^^^^^^^^^^^^^^^^^^^^^^^^^^^
[2.017s]   File "/usr/lib/python3/dist-packages/setuptools/_distutils/dist.py", line 534, in _parse_command_opts
[2.017s]     cmd_class = self.get_command_class(command)
[2.017s]                 ^^^^^^^^^^^^^^^^^^^^^^^^^^^^^^^
[2.017s]   File "/usr/lib/python3/dist-packages/setuptools/dist.py", line 978, in get_command_class
[2.017s]     eps = metadata.entry_points(group='distutils.commands', name=command)
[2.017s]           ^^^^^^^^^^^^^^^^^^^^^^^^^^^^^^^^^^^^^^^^^^^^^^^^^^^^^^^^^^^^^^^
[2.017s]   File "/usr/lib/python3.12/importlib/metadata/__init__.py", line 913, in entry_points
[2.017s]     return EntryPoints(eps).select(**params)
[2.017s]            ^^^^^^^^^^^^^^^^
[2.017s]   File "/usr/lib/python3.12/importlib/metadata/__init__.py", line 911, in <genexpr>
[2.018s]     dist.entry_points for dist in _unique(distributions())
[2.018s]     ^^^^^^^^^^^^^^^^^
[2.018s]   File "/usr/lib/python3.12/importlib/metadata/__init__.py", line 471, in entry_points
[2.018s]     return EntryPoints._from_text_for(self.read_text('entry_points.txt'), self)
[2.018s]                                       ^^^^^^^^^^^^^^^^^^^^^^^^^^^^^^^^^^
[2.018s]   File "/usr/lib/python3.12/importlib/metadata/__init__.py", line 812, in read_text
[2.018s]     with suppress(
[2.018s]   File "/usr/lib/python3.12/contextlib.py", line 446, in __exit__
[2.018s]     def __exit__(self, exctype, excinst, exctb):
[2.018s] 
[2.018s] KeyboardInterrupt
[2.097s] Invoked command in '/home/ubuntu/ros2-rover/src/tractor_bringup' returned '-2': PYTHONPATH=/home/ubuntu/ros2-rover/build/tractor_bringup/prefix_override:/usr/lib/python3/dist-packages/colcon_core/task/python/colcon_distutils_commands:/home/ubuntu/ros2-rover/install/tractor_bringup/lib/python3.12/site-packages:${PYTHONPATH} /usr/bin/python3 -W ignore:setup.py install is deprecated -W ignore:easy_install command is deprecated setup.py egg_info --egg-base ../../build/tractor_bringup build --build-base /home/ubuntu/ros2-rover/build/tractor_bringup/build install --record /home/ubuntu/ros2-rover/build/tractor_bringup/install.log --single-version-externally-managed install_data
