[0.000000] (-) TimerEvent: {}
[0.000169] (-) JobUnselected: {'identifier': 'slam_stress_test'}
[0.000217] (-) JobUnselected: {'identifier': 'tractor_control'}
[0.000239] (-) JobUnselected: {'identifier': 'tractor_coverage'}
[0.000258] (-) JobUnselected: {'identifier': 'tractor_implements'}
[0.000279] (-) JobUnselected: {'identifier': 'tractor_sensors'}
[0.000296] (-) JobUnselected: {'identifier': 'tractor_vision'}
[0.000370] (tractor_bringup) JobQueued: {'identifier': 'tractor_bringup', 'dependencies': OrderedDict()}
[0.001455] (tractor_bringup) JobStarted: {'identifier': 'tractor_bringup'}
[0.099280] (-) TimerEvent: {}
[0.199588] (-) TimerEvent: {}
[0.299894] (-) TimerEvent: {}
[0.400247] (-) TimerEvent: {}
[0.500658] (-) TimerEvent: {}
[0.601030] (-) TimerEvent: {}
[0.701403] (-) TimerEvent: {}
[0.801768] (-) TimerEvent: {}
[0.902168] (-) TimerEvent: {}
[1.002540] (-) TimerEvent: {}
[1.102909] (-) TimerEvent: {}
[1.203274] (-) TimerEvent: {}
[1.303642] (-) TimerEvent: {}
[1.404035] (-) TimerEvent: {}
[1.504534] (-) TimerEvent: {}
[1.605033] (-) TimerEvent: {}
[1.625609] (tractor_bringup) Command: {'cmd': ['/usr/bin/python3', '-W', 'ignore:setup.py install is deprecated', '-W', 'ignore:easy_install command is deprecated', 'setup.py', 'egg_info', '--egg-base', '../../build/tractor_bringup', 'build', '--build-base', '/home/ubuntu/ros2-rover/build/tractor_bringup/build', 'install', '--record', '/home/ubuntu/ros2-rover/build/tractor_bringup/install.log', '--single-version-externally-managed', 'install_data'], 'cwd': '/home/ubuntu/ros2-rover/src/tractor_bringup', 'env': {'LESSOPEN': '| /usr/bin/lesspipe %s', 'USER': 'ubuntu', 'SSH_CLIENT': '10.0.0.206 51052 22', 'GZ_CONFIG_PATH': '/opt/ros/jazzy/opt/gz_sim_vendor/share/gz:/opt/ros/jazzy/opt/sdformat_vendor/share/gz:/opt/ros/jazzy/opt/gz_gui_vendor/share/gz:/opt/ros/jazzy/opt/gz_transport_vendor/share/gz:/opt/ros/jazzy/opt/gz_rendering_vendor/share/gz:/opt/ros/jazzy/opt/gz_plugin_vendor/share/gz:/opt/ros/jazzy/opt/gz_fuel_tools_vendor/share/gz:/opt/ros/jazzy/opt/gz_msgs_vendor/share/gz:/opt/ros/jazzy/opt/gz_common_vendor/share/gz', 'XDG_SESSION_TYPE': 'tty', 'SHLVL': '2', 'LD_LIBRARY_PATH': '/usr/local/lib:/opt/ros/jazzy/opt/gz_sim_vendor/lib:/opt/ros/jazzy/opt/gz_sensors_vendor/lib:/opt/ros/jazzy/opt/gz_physics_vendor/lib:/opt/ros/jazzy/opt/sdformat_vendor/lib:/opt/ros/jazzy/opt/rviz_ogre_vendor/lib:/opt/ros/jazzy/lib/aarch64-linux-gnu:/opt/ros/jazzy/opt/gz_gui_vendor/lib:/opt/ros/jazzy/opt/gz_transport_vendor/lib:/opt/ros/jazzy/opt/gz_rendering_vendor/lib:/opt/ros/jazzy/opt/gz_plugin_vendor/lib:/opt/ros/jazzy/opt/gz_fuel_tools_vendor/lib:/opt/ros/jazzy/opt/gz_msgs_vendor/lib:/opt/ros/jazzy/opt/gz_common_vendor/lib:/opt/ros/jazzy/opt/gz_math_vendor/lib:/opt/ros/jazzy/opt/gz_utils_vendor/lib:/opt/ros/jazzy/opt/gz_tools_vendor/lib:/opt/ros/jazzy/opt/gz_ogre_next_vendor/lib:/opt/ros/jazzy/opt/gz_dartsim_vendor/lib:/opt/ros/jazzy/opt/gz_cmake_vendor/lib:/opt/ros/jazzy/lib', 'HOME': '/home/ubuntu', 'OLDPWD': '/home/ubuntu', 'SSH_TTY': '/dev/pts/2', 'ROS_PYTHON_VERSION': '3', 'DBUS_SESSION_BUS_ADDRESS': 'unix:path=/run/user/1000/bus', 'COLCON_PREFIX_PATH': '/home/ubuntu/ros2-rover/install', 'ROS_DISTRO': 'jazzy', 'LOGNAME': 'ubuntu', '_': '/usr/bin/colcon', 'ROS_VERSION': '2', 'XDG_SESSION_CLASS': 'user', 'TERM': 'xterm-256color', 'XDG_SESSION_ID': '6', 'PATH': '/home/ubuntu/.local/bin:/opt/ros/jazzy/opt/gz_msgs_vendor/bin:/opt/ros/jazzy/opt/gz_tools_vendor/bin:/opt/ros/jazzy/opt/gz_ogre_next_vendor/bin:/opt/ros/jazzy/bin:/usr/local/sbin:/usr/local/bin:/usr/sbin:/usr/bin:/sbin:/bin:/usr/games:/usr/local/games:/snap/bin', 'XDG_RUNTIME_DIR': '/run/user/1000', 'LANG': 'C.UTF-8', 'LS_COLORS': 'rs=0:di=01;34:ln=01;36:mh=00:pi=40;33:so=01;35:do=01;35:bd=40;33;01:cd=40;33;01:or=40;31;01:mi=00:su=37;41:sg=30;43:ca=00:tw=30;42:ow=34;42:st=37;44:ex=01;32:*.tar=01;31:*.tgz=01;31:*.arc=01;31:*.arj=01;31:*.taz=01;31:*.lha=01;31:*.lz4=01;31:*.lzh=01;31:*.lzma=01;31:*.tlz=01;31:*.txz=01;31:*.tzo=01;31:*.t7z=01;31:*.zip=01;31:*.z=01;31:*.dz=01;31:*.gz=01;31:*.lrz=01;31:*.lz=01;31:*.lzo=01;31:*.xz=01;31:*.zst=01;31:*.tzst=01;31:*.bz2=01;31:*.bz=01;31:*.tbz=01;31:*.tbz2=01;31:*.tz=01;31:*.deb=01;31:*.rpm=01;31:*.jar=01;31:*.war=01;31:*.ear=01;31:*.sar=01;31:*.rar=01;31:*.alz=01;31:*.ace=01;31:*.zoo=01;31:*.cpio=01;31:*.7z=01;31:*.rz=01;31:*.cab=01;31:*.wim=01;31:*.swm=01;31:*.dwm=01;31:*.esd=01;31:*.avif=01;35:*.jpg=01;35:*.jpeg=01;35:*.mjpg=01;35:*.mjpeg=01;35:*.gif=01;35:*.bmp=01;35:*.pbm=01;35:*.pgm=01;35:*.ppm=01;35:*.tga=01;35:*.xbm=01;35:*.xpm=01;35:*.tif=01;35:*.tiff=01;35:*.png=01;35:*.svg=01;35:*.svgz=01;35:*.mng=01;35:*.pcx=01;35:*.mov=01;35:*.mpg=01;35:*.mpeg=01;35:*.m2v=01;35:*.mkv=01;35:*.webm=01;35:*.webp=01;35:*.ogm=01;35:*.mp4=01;35:*.m4v=01;35:*.mp4v=01;35:*.vob=01;35:*.qt=01;35:*.nuv=01;35:*.wmv=01;35:*.asf=01;35:*.rm=01;35:*.rmvb=01;35:*.flc=01;35:*.avi=01;35:*.fli=01;35:*.flv=01;35:*.gl=01;35:*.dl=01;35:*.xcf=01;35:*.xwd=01;35:*.yuv=01;35:*.cgm=01;35:*.emf=01;35:*.ogv=01;35:*.ogx=01;35:*.aac=00;36:*.au=00;36:*.flac=00;36:*.m4a=00;36:*.mid=00;36:*.midi=00;36:*.mka=00;36:*.mp3=00;36:*.mpc=00;36:*.ogg=00;36:*.ra=00;36:*.wav=00;36:*.oga=00;36:*.opus=00;36:*.spx=00;36:*.xspf=00;36:*~=00;90:*#=00;90:*.bak=00;90:*.crdownload=00;90:*.dpkg-dist=00;90:*.dpkg-new=00;90:*.dpkg-old=00;90:*.dpkg-tmp=00;90:*.old=00;90:*.orig=00;90:*.part=00;90:*.rej=00;90:*.rpmnew=00;90:*.rpmorig=00;90:*.rpmsave=00;90:*.swp=00;90:*.tmp=00;90:*.ucf-dist=00;90:*.ucf-new=00;90:*.ucf-old=00;90:', 'AMENT_PREFIX_PATH': '/home/ubuntu/ros2-rover/install/tractor_vision:/home/ubuntu/ros2-rover/install/tractor_sensors:/home/ubuntu/ros2-rover/install/tractor_implements:/home/ubuntu/ros2-rover/install/tractor_coverage:/home/ubuntu/ros2-rover/install/tractor_control:/home/ubuntu/ros2-rover/install/tractor_bringup:/home/ubuntu/ros2-rover/install/slam_stress_test:/opt/ros/jazzy', 'SHELL': '/bin/bash', 'LESSCLOSE': '/usr/bin/lesspipe %s %s', 'ROS_AUTOMATIC_DISCOVERY_RANGE': 'SUBNET', 'PWD': '/home/ubuntu/ros2-rover/build/tractor_bringup', 'SSH_CONNECTION': '10.0.0.206 51052 10.0.0.172 22', 'XDG_DATA_DIRS': '/usr/local/share:/usr/share:/var/lib/snapd/desktop', 'PYTHONPATH': '/home/ubuntu/ros2-rover/build/tractor_bringup/prefix_override:/usr/lib/python3/dist-packages/colcon_core/task/python/colcon_distutils_commands:/home/ubuntu/ros2-rover/install/tractor_bringup/lib/python3.12/site-packages:/home/ubuntu/ros2-rover/build/tractor_vision:/home/ubuntu/ros2-rover/install/tractor_vision/lib/python3.12/site-packages:/home/ubuntu/ros2-rover/build/tractor_sensors:/home/ubuntu/ros2-rover/install/tractor_sensors/lib/python3.12/site-packages:/home/ubuntu/ros2-rover/build/tractor_implements:/home/ubuntu/ros2-rover/install/tractor_implements/lib/python3.12/site-packages:/home/ubuntu/ros2-rover/build/tractor_coverage:/home/ubuntu/ros2-rover/install/tractor_coverage/lib/python3.12/site-packages:/home/ubuntu/ros2-rover/build/tractor_control:/home/ubuntu/ros2-rover/install/tractor_control/lib/python3.12/site-packages:/home/ubuntu/ros2-rover/install/tractor_bringup/lib/python3.12/site-packages:/home/ubuntu/ros2-rover/build/slam_stress_test:/home/ubuntu/ros2-rover/install/slam_stress_test/lib/python3.12/site-packages:/opt/ros/jazzy/lib/python3.12/site-packages', 'COLCON': '1', 'CMAKE_PREFIX_PATH': '/opt/ros/jazzy/opt/gz_sim_vendor:/opt/ros/jazzy/opt/gz_sensors_vendor:/opt/ros/jazzy/opt/gz_physics_vendor:/opt/ros/jazzy/opt/sdformat_vendor:/opt/ros/jazzy/opt/gz_gui_vendor:/opt/ros/jazzy/opt/gz_transport_vendor:/opt/ros/jazzy/opt/gz_rendering_vendor:/opt/ros/jazzy/opt/gz_plugin_vendor:/opt/ros/jazzy/opt/gz_fuel_tools_vendor:/opt/ros/jazzy/opt/gz_msgs_vendor:/opt/ros/jazzy/opt/gz_common_vendor:/opt/ros/jazzy/opt/gz_math_vendor:/opt/ros/jazzy/opt/gz_utils_vendor:/opt/ros/jazzy/opt/gz_tools_vendor:/opt/ros/jazzy/opt/gz_ogre_next_vendor:/opt/ros/jazzy/opt/gz_dartsim_vendor:/opt/ros/jazzy/opt/gz_cmake_vendor'}, 'shell': False}
[1.705264] (-) TimerEvent: {}
[1.805574] (-) TimerEvent: {}
[1.905943] (-) TimerEvent: {}
[2.006313] (-) TimerEvent: {}
[2.012989] (tractor_bringup) StderrLine: {'line': b'Traceback (most recent call last):\n'}
[2.013414] (tractor_bringup) StderrLine: {'line': b'  File "/usr/lib/python3.12/importlib/metadata/__init__.py", line 819, in read_text\n'}
[2.014550] (tractor_bringup) StderrLine: {'line': b"    return self._path.joinpath(filename).read_text(encoding='utf-8')\n"}
[2.014770] (tractor_bringup) StderrLine: {'line': b'           ^^^^^^^^^^^^^^^^^^^^^^^^^^^^^^^^^^^^^^^^^^^^^^^^^^^^^^^^^\n'}
[2.014879] (tractor_bringup) StderrLine: {'line': b'  File "/usr/lib/python3.12/pathlib.py", line 1029, in read_text\n'}
[2.015129] (tractor_bringup) StderrLine: {'line': b"    with self.open(mode='r', encoding=encoding, errors=errors) as f:\n"}
[2.015454] (tractor_bringup) StderrLine: {'line': b'         ^^^^^^^^^^^^^^^^^^^^^^^^^^^^^^^^^^^^^^^^^^^^^^^^^^^^^\n'}
[2.015644] (tractor_bringup) StderrLine: {'line': b'  File "/usr/lib/python3.12/pathlib.py", line 1015, in open\n'}
[2.015742] (tractor_bringup) StderrLine: {'line': b'    return io.open(self, mode, buffering, encoding, errors, newline)\n'}
[2.015841] (tractor_bringup) StderrLine: {'line': b'           ^^^^^^^^^^^^^^^^^^^^^^^^^^^^^^^^^^^^^^^^^^^^^^^^^^^^^^^^^\n'}
[2.015989] (tractor_bringup) StderrLine: {'line': b"FileNotFoundError: [Errno 2] No such file or directory: '/usr/lib/python3/dist-packages/mpi4py-3.1.5.egg-info/entry_points.txt'\n"}
[2.016087] (tractor_bringup) StderrLine: {'line': b'\n'}
[2.016240] (tractor_bringup) StderrLine: {'line': b'During handling of the above exception, another exception occurred:\n'}
[2.016331] (tractor_bringup) StderrLine: {'line': b'\n'}
[2.016416] (tractor_bringup) StderrLine: {'line': b'Traceback (most recent call last):\n'}
[2.016513] (tractor_bringup) StderrLine: {'line': b'  File "/home/ubuntu/ros2-rover/src/tractor_bringup/setup.py", line 7, in <module>\n'}
[2.016699] (tractor_bringup) StderrLine: {'line': b'    setup(\n'}
[2.016795] (tractor_bringup) StderrLine: {'line': b'  File "/usr/lib/python3/dist-packages/setuptools/__init__.py", line 107, in setup\n'}
[2.016948] (tractor_bringup) StderrLine: {'line': b'    return distutils.core.setup(**attrs)\n'}
[2.017044] (tractor_bringup) StderrLine: {'line': b'           ^^^^^^^^^^^^^^^^^^^^^^^^^^^^^\n'}
[2.017137] (tractor_bringup) StderrLine: {'line': b'  File "/usr/lib/python3/dist-packages/setuptools/_distutils/core.py", line 172, in setup\n'}
[2.017348] (tractor_bringup) StderrLine: {'line': b'    ok = dist.parse_command_line()\n'}
[2.017443] (tractor_bringup) StderrLine: {'line': b'         ^^^^^^^^^^^^^^^^^^^^^^^^^\n'}
[2.017614] (tractor_bringup) StderrLine: {'line': b'  File "/usr/lib/python3/dist-packages/setuptools/_distutils/dist.py", line 475, in parse_command_line\n'}
[2.017771] (tractor_bringup) StderrLine: {'line': b'    args = self._parse_command_opts(parser, args)\n'}
[2.017882] (tractor_bringup) StderrLine: {'line': b'           ^^^^^^^^^^^^^^^^^^^^^^^^^^^^^^^^^^^^^^\n'}
[2.018012] (tractor_bringup) StderrLine: {'line': b'  File "/usr/lib/python3/dist-packages/setuptools/dist.py", line 1133, in _parse_command_opts\n'}
[2.018106] (tractor_bringup) StderrLine: {'line': b'    nargs = _Distribution._parse_command_opts(self, parser, args)\n'}
[2.018201] (tractor_bringup) StderrLine: {'line': b'            ^^^^^^^^^^^^^^^^^^^^^^^^^^^^^^^^^^^^^^^^^^^^^^^^^^^^^\n'}
[2.018348] (tractor_bringup) StderrLine: {'line': b'  File "/usr/lib/python3/dist-packages/setuptools/_distutils/dist.py", line 534, in _parse_command_opts\n'}
[2.018438] (tractor_bringup) StderrLine: {'line': b'    cmd_class = self.get_command_class(command)\n'}
[2.018525] (tractor_bringup) StderrLine: {'line': b'                ^^^^^^^^^^^^^^^^^^^^^^^^^^^^^^^\n'}
[2.018609] (tractor_bringup) StderrLine: {'line': b'  File "/usr/lib/python3/dist-packages/setuptools/dist.py", line 978, in get_command_class\n'}
[2.018696] (tractor_bringup) StderrLine: {'line': b"    eps = metadata.entry_points(group='distutils.commands', name=command)\n"}
[2.018781] (tractor_bringup) StderrLine: {'line': b'          ^^^^^^^^^^^^^^^^^^^^^^^^^^^^^^^^^^^^^^^^^^^^^^^^^^^^^^^^^^^^^^^\n'}
[2.018866] (tractor_bringup) StderrLine: {'line': b'  File "/usr/lib/python3.12/importlib/metadata/__init__.py", line 913, in entry_points\n'}
[2.018977] (tractor_bringup) StderrLine: {'line': b'    return EntryPoints(eps).select(**params)\n'}
[2.019063] (tractor_bringup) StderrLine: {'line': b'           ^^^^^^^^^^^^^^^^\n'}
[2.019148] (tractor_bringup) StderrLine: {'line': b'  File "/usr/lib/python3.12/importlib/metadata/__init__.py", line 911, in <genexpr>\n'}
[2.019232] (tractor_bringup) StderrLine: {'line': b'    dist.entry_points for dist in _unique(distributions())\n'}
[2.019317] (tractor_bringup) StderrLine: {'line': b'    ^^^^^^^^^^^^^^^^^\n'}
[2.019403] (tractor_bringup) StderrLine: {'line': b'  File "/usr/lib/python3.12/importlib/metadata/__init__.py", line 471, in entry_points\n'}
[2.019487] (tractor_bringup) StderrLine: {'line': b"    return EntryPoints._from_text_for(self.read_text('entry_points.txt'), self)\n"}
[2.019571] (tractor_bringup) StderrLine: {'line': b'                                      ^^^^^^^^^^^^^^^^^^^^^^^^^^^^^^^^^^\n'}
[2.019655] (tractor_bringup) StderrLine: {'line': b'  File "/usr/lib/python3.12/importlib/metadata/__init__.py", line 812, in read_text\n'}
[2.019739] (tractor_bringup) StderrLine: {'line': b'    with suppress(\n'}
[2.019823] (tractor_bringup) StderrLine: {'line': b'  File "/usr/lib/python3.12/contextlib.py", line 446, in __exit__\n'}
[2.019927] (tractor_bringup) StderrLine: {'line': b'    def __exit__(self, exctype, excinst, exctb):\n'}
[2.020014] (tractor_bringup) StderrLine: {'line': b'\n'}
[2.020098] (tractor_bringup) StderrLine: {'line': b'KeyboardInterrupt\n'}
[2.098448] (tractor_bringup) CommandEnded: {'returncode': -2}
[2.099173] (tractor_bringup) JobEnded: {'identifier': 'tractor_bringup', 'rc': 'SIGINT'}
[2.106380] (-) TimerEvent: {}
[2.109034] (-) EventReactorShutdown: {}
